{"/data/data/com.termux/files/home/tetrashop-projects/src/App.tsx": {"path":"/data/data/com.termux/files/home/tetrashop-projects/src/App.tsx","statementMap":{"0":{"start":{"line":1,"column":0},"end":{"line":1,"column":65}},"1":{"start":{"line":2,"column":0},"end":{"line":2,"column":null}},"2":{"start":{"line":12,"column":0},"end":{"line":12,"column":20}},"3":{"start":{"line":14,"column":0},"end":{"line":14,"column":null}},"4":{"start":{"line":72,"column":23},"end":{"line":81,"column":null}},"5":{"start":{"line":84,"column":34},"end":{"line":108,"column":4}},"6":{"start":{"line":110,"column":28},"end":{"line":120,"column":4}},"7":{"start":{"line":122,"column":30},"end":{"line":122,"column":70}},"8":{"start":{"line":123,"column":48},"end":{"line":123,"column":78}},"9":{"start":{"line":124,"column":36},"end":{"line":124,"column":51}},"10":{"start":{"line":125,"column":44},"end":{"line":125,"column":97}},"11":{"start":{"line":126,"column":40},"end":{"line":126,"column":52}},"12":{"start":{"line":127,"column":50},"end":{"line":127,"column":73}},"13":{"start":{"line":128,"column":50},"end":{"line":128,"column":88}},"14":{"start":{"line":129,"column":50},"end":{"line":129,"column":81}},"15":{"start":{"line":130,"column":30},"end":{"line":130,"column":89}},"16":{"start":{"line":131,"column":36},"end":{"line":131,"column":81}},"17":{"start":{"line":132,"column":36},"end":{"line":132,"column":70}},"18":{"start":{"line":133,"column":34},"end":{"line":133,"column":67}},"19":{"start":{"line":134,"column":40},"end":{"line":134,"column":51}},"20":{"start":{"line":135,"column":40},"end":{"line":135,"column":54}},"21":{"start":{"line":136,"column":42},"end":{"line":136,"column":118}},"22":{"start":{"line":137,"column":23},"end":{"line":137,"column":24}},"23":{"start":{"line":140,"column":40},"end":{"line":147,"column":4}},"24":{"start":{"line":151,"column":2},"end":{"line":163,"column":null}},"25":{"start":{"line":152,"column":4},"end":{"line":152,"column":28}},"26":{"start":{"line":152,"column":22},"end":{"line":152,"column":28}},"27":{"start":{"line":153,"column":21},"end":{"line":161,"column":13}},"28":{"start":{"line":154,"column":6},"end":{"line":160,"column":null}},"29":{"start":{"line":154,"column":30},"end":{"line":160,"column":8}},"30":{"start":{"line":162,"column":4},"end":{"line":162,"column":null}},"31":{"start":{"line":162,"column":17},"end":{"line":162,"column":40}},"32":{"start":{"line":166,"column":2},"end":{"line":171,"column":null}},"33":{"start":{"line":167,"column":4},"end":{"line":170,"column":5}},"34":{"start":{"line":168,"column":20},"end":{"line":168,"column":65}},"35":{"start":{"line":168,"column":37},"end":{"line":168,"column":58}},"36":{"start":{"line":169,"column":6},"end":{"line":169,"column":null}},"37":{"start":{"line":169,"column":19},"end":{"line":169,"column":38}},"38":{"start":{"line":174,"column":21},"end":{"line":177,"column":16}},"39":{"start":{"line":175,"column":17},"end":{"line":175,"column":79}},"40":{"start":{"line":175,"column":65},"end":{"line":175,"column":75}},"41":{"start":{"line":176,"column":4},"end":{"line":176,"column":null}},"42":{"start":{"line":179,"column":27},"end":{"line":216,"column":77}},"43":{"start":{"line":180,"column":19},"end":{"line":180,"column":27}},"44":{"start":{"line":182,"column":4},"end":{"line":186,"column":5}},"45":{"start":{"line":183,"column":6},"end":{"line":183,"column":null}},"46":{"start":{"line":183,"column":44},"end":{"line":183,"column":74}},"47":{"start":{"line":184,"column":11},"end":{"line":186,"column":5}},"48":{"start":{"line":185,"column":6},"end":{"line":185,"column":null}},"49":{"start":{"line":185,"column":44},"end":{"line":185,"column":71}},"50":{"start":{"line":188,"column":4},"end":{"line":194,"column":5}},"51":{"start":{"line":189,"column":6},"end":{"line":193,"column":null}},"52":{"start":{"line":190,"column":8},"end":{"line":192,"column":74}},"53":{"start":{"line":196,"column":4},"end":{"line":198,"column":5}},"54":{"start":{"line":197,"column":6},"end":{"line":197,"column":null}},"55":{"start":{"line":197,"column":44},"end":{"line":197,"column":81}},"56":{"start":{"line":200,"column":4},"end":{"line":213,"column":5}},"57":{"start":{"line":202,"column":8},"end":{"line":202,"column":null}},"58":{"start":{"line":202,"column":48},"end":{"line":202,"column":76}},"59":{"start":{"line":203,"column":8},"end":{"line":203,"column":13}},"60":{"start":{"line":205,"column":8},"end":{"line":205,"column":null}},"61":{"start":{"line":205,"column":48},"end":{"line":205,"column":75}},"62":{"start":{"line":206,"column":8},"end":{"line":206,"column":13}},"63":{"start":{"line":208,"column":8},"end":{"line":208,"column":null}},"64":{"start":{"line":208,"column":48},"end":{"line":208,"column":111}},"65":{"start":{"line":209,"column":8},"end":{"line":209,"column":13}},"66":{"start":{"line":211,"column":8},"end":{"line":211,"column":null}},"67":{"start":{"line":211,"column":48},"end":{"line":211,"column":79}},"68":{"start":{"line":212,"column":8},"end":{"line":212,"column":13}},"69":{"start":{"line":215,"column":4},"end":{"line":215,"column":null}},"70":{"start":{"line":218,"column":21},"end":{"line":218,"column":70}},"71":{"start":{"line":219,"column":28},"end":{"line":222,"column":37}},"72":{"start":{"line":220,"column":23},"end":{"line":220,"column":55}},"73":{"start":{"line":221,"column":4},"end":{"line":221,"column":null}},"74":{"start":{"line":225,"column":29},"end":{"line":227,"column":24}},"75":{"start":{"line":226,"column":4},"end":{"line":226,"column":null}},"76":{"start":{"line":230,"column":25},"end":{"line":263,"column":3}},"77":{"start":{"line":231,"column":39},"end":{"line":259,"column":null}},"78":{"start":{"line":261,"column":26},"end":{"line":261,"column":58}},"79":{"start":{"line":262,"column":4},"end":{"line":262,"column":null}},"80":{"start":{"line":265,"column":27},"end":{"line":267,"column":8}},"81":{"start":{"line":266,"column":4},"end":{"line":266,"column":null}},"82":{"start":{"line":270,"column":25},"end":{"line":345,"column":61}},"83":{"start":{"line":271,"column":29},"end":{"line":271,"column":55}},"84":{"start":{"line":272,"column":4},"end":{"line":272,"column":33}},"85":{"start":{"line":272,"column":27},"end":{"line":272,"column":33}},"86":{"start":{"line":274,"column":4},"end":{"line":274,"column":null}},"87":{"start":{"line":275,"column":22},"end":{"line":275,"column":39}},"88":{"start":{"line":277,"column":4},"end":{"line":344,"column":5}},"89":{"start":{"line":279,"column":21},"end":{"line":279,"column":70}},"90":{"start":{"line":281,"column":23},"end":{"line":281,"column":52}},"91":{"start":{"line":283,"column":6},"end":{"line":283,"column":null}},"92":{"start":{"line":283,"column":34},"end":{"line":283,"column":95}},"93":{"start":{"line":285,"column":54},"end":{"line":291,"column":null}},"94":{"start":{"line":293,"column":6},"end":{"line":293,"column":null}},"95":{"start":{"line":293,"column":34},"end":{"line":293,"column":72}},"96":{"start":{"line":294,"column":6},"end":{"line":302,"column":null}},"97":{"start":{"line":294,"column":26},"end":{"line":301,"column":null}},"98":{"start":{"line":295,"column":8},"end":{"line":301,"column":13}},"99":{"start":{"line":304,"column":6},"end":{"line":308,"column":null}},"100":{"start":{"line":304,"column":24},"end":{"line":308,"column":8}},"101":{"start":{"line":310,"column":6},"end":{"line":313,"column":null}},"102":{"start":{"line":316,"column":23},"end":{"line":316,"column":52}},"103":{"start":{"line":318,"column":6},"end":{"line":318,"column":null}},"104":{"start":{"line":318,"column":34},"end":{"line":318,"column":96}},"105":{"start":{"line":321,"column":6},"end":{"line":326,"column":7}},"106":{"start":{"line":322,"column":8},"end":{"line":322,"column":null}},"107":{"start":{"line":323,"column":8},"end":{"line":323,"column":null}},"108":{"start":{"line":325,"column":8},"end":{"line":325,"column":null}},"109":{"start":{"line":328,"column":54},"end":{"line":334,"column":null}},"110":{"start":{"line":336,"column":6},"end":{"line":336,"column":null}},"111":{"start":{"line":336,"column":34},"end":{"line":336,"column":72}},"112":{"start":{"line":338,"column":6},"end":{"line":340,"column":null}},"113":{"start":{"line":343,"column":6},"end":{"line":343,"column":null}},"114":{"start":{"line":347,"column":32},"end":{"line":361,"column":24}},"115":{"start":{"line":348,"column":4},"end":{"line":348,"column":null}},"116":{"start":{"line":349,"column":4},"end":{"line":360,"column":5}},"117":{"start":{"line":350,"column":6},"end":{"line":350,"column":null}},"118":{"start":{"line":350,"column":35},"end":{"line":350,"column":60}},"119":{"start":{"line":352,"column":6},"end":{"line":354,"column":7}},"120":{"start":{"line":353,"column":8},"end":{"line":353,"column":null}},"121":{"start":{"line":355,"column":6},"end":{"line":355,"column":null}},"122":{"start":{"line":356,"column":6},"end":{"line":356,"column":null}},"123":{"start":{"line":358,"column":6},"end":{"line":358,"column":null}},"124":{"start":{"line":359,"column":6},"end":{"line":359,"column":null}},"125":{"start":{"line":363,"column":25},"end":{"line":374,"column":35}},"126":{"start":{"line":364,"column":4},"end":{"line":364,"column":null}},"127":{"start":{"line":364,"column":11},"end":{"line":364,"column":null}},"128":{"start":{"line":365,"column":4},"end":{"line":369,"column":null}},"129":{"start":{"line":366,"column":6},"end":{"line":368,"column":30}},"130":{"start":{"line":367,"column":28},"end":{"line":367,"column":44}},"131":{"start":{"line":370,"column":4},"end":{"line":373,"column":null}},"132":{"start":{"line":376,"column":32},"end":{"line":379,"column":22}},"133":{"start":{"line":377,"column":4},"end":{"line":377,"column":null}},"134":{"start":{"line":378,"column":4},"end":{"line":378,"column":null}},"135":{"start":{"line":381,"column":27},"end":{"line":384,"column":8}},"136":{"start":{"line":382,"column":4},"end":{"line":382,"column":null}},"137":{"start":{"line":383,"column":4},"end":{"line":383,"column":null}},"138":{"start":{"line":386,"column":29},"end":{"line":397,"column":29}},"139":{"start":{"line":387,"column":4},"end":{"line":392,"column":null}},"140":{"start":{"line":387,"column":28},"end":{"line":392,"column":6}},"141":{"start":{"line":393,"column":4},"end":{"line":396,"column":null}},"142":{"start":{"line":400,"column":2},"end":{"line":631,"column":null}},"143":{"start":{"line":413,"column":33},"end":{"line":413,"column":54}},"144":{"start":{"line":450,"column":33},"end":{"line":450,"column":58}},"145":{"start":{"line":464,"column":31},"end":{"line":464,"column":97}},"146":{"start":{"line":505,"column":31},"end":{"line":505,"column":55}},"147":{"start":{"line":511,"column":31},"end":{"line":511,"column":57}},"148":{"start":{"line":517,"column":31},"end":{"line":517,"column":59}},"149":{"start":{"line":532,"column":48},"end":{"line":532,"column":69}},"150":{"start":{"line":562,"column":12},"end":{"line":562,"column":29}},"151":{"start":{"line":634,"column":0},"end":{"line":634,"column":null}}},"fnMap":{"0":{"name":"App","decl":{"start":{"line":71,"column":9},"end":{"line":71,"column":12}},"loc":{"start":{"line":71,"column":12},"end":{"line":632,"column":1}}},"1":{"name":"(anonymous_1)","decl":{"start":{"line":151,"column":12},"end":{"line":151,"column":15}},"loc":{"start":{"line":151,"column":17},"end":{"line":163,"column":3}}},"2":{"name":"(anonymous_2)","decl":{"start":{"line":153,"column":33},"end":{"line":153,"column":36}},"loc":{"start":{"line":153,"column":38},"end":{"line":161,"column":5}}},"3":{"name":"(anonymous_3)","decl":{"start":{"line":154,"column":21},"end":{"line":154,"column":25}},"loc":{"start":{"line":154,"column":30},"end":{"line":160,"column":8}}},"4":{"name":"(anonymous_4)","decl":{"start":{"line":162,"column":11},"end":{"line":162,"column":14}},"loc":{"start":{"line":162,"column":17},"end":{"line":162,"column":40}}},"5":{"name":"(anonymous_5)","decl":{"start":{"line":166,"column":12},"end":{"line":166,"column":15}},"loc":{"start":{"line":166,"column":17},"end":{"line":171,"column":3}}},"6":{"name":"(anonymous_6)","decl":{"start":{"line":168,"column":31},"end":{"line":168,"column":34}},"loc":{"start":{"line":168,"column":37},"end":{"line":168,"column":58}}},"7":{"name":"(anonymous_7)","decl":{"start":{"line":169,"column":13},"end":{"line":169,"column":16}},"loc":{"start":{"line":169,"column":19},"end":{"line":169,"column":38}}},"8":{"name":"(anonymous_8)","decl":{"start":{"line":174,"column":29},"end":{"line":174,"column":32}},"loc":{"start":{"line":174,"column":34},"end":{"line":177,"column":3}}},"9":{"name":"(anonymous_9)","decl":{"start":{"line":175,"column":60},"end":{"line":175,"column":61}},"loc":{"start":{"line":175,"column":65},"end":{"line":175,"column":75}}},"10":{"name":"(anonymous_10)","decl":{"start":{"line":179,"column":35},"end":{"line":179,"column":38}},"loc":{"start":{"line":179,"column":40},"end":{"line":216,"column":3}}},"11":{"name":"(anonymous_11)","decl":{"start":{"line":183,"column":33},"end":{"line":183,"column":40}},"loc":{"start":{"line":183,"column":44},"end":{"line":183,"column":74}}},"12":{"name":"(anonymous_12)","decl":{"start":{"line":185,"column":33},"end":{"line":185,"column":40}},"loc":{"start":{"line":185,"column":44},"end":{"line":185,"column":71}}},"13":{"name":"(anonymous_13)","decl":{"start":{"line":189,"column":33},"end":{"line":189,"column":40}},"loc":{"start":{"line":190,"column":8},"end":{"line":192,"column":74}}},"14":{"name":"(anonymous_14)","decl":{"start":{"line":197,"column":33},"end":{"line":197,"column":40}},"loc":{"start":{"line":197,"column":44},"end":{"line":197,"column":81}}},"15":{"name":"(anonymous_15)","decl":{"start":{"line":202,"column":38},"end":{"line":202,"column":39}},"loc":{"start":{"line":202,"column":48},"end":{"line":202,"column":76}}},"16":{"name":"(anonymous_16)","decl":{"start":{"line":205,"column":38},"end":{"line":205,"column":39}},"loc":{"start":{"line":205,"column":48},"end":{"line":205,"column":75}}},"17":{"name":"(anonymous_17)","decl":{"start":{"line":208,"column":38},"end":{"line":208,"column":39}},"loc":{"start":{"line":208,"column":48},"end":{"line":208,"column":111}}},"18":{"name":"(anonymous_18)","decl":{"start":{"line":211,"column":38},"end":{"line":211,"column":39}},"loc":{"start":{"line":211,"column":48},"end":{"line":211,"column":79}}},"19":{"name":"(anonymous_19)","decl":{"start":{"line":219,"column":36},"end":{"line":219,"column":39}},"loc":{"start":{"line":219,"column":41},"end":{"line":222,"column":3}}},"20":{"name":"(anonymous_20)","decl":{"start":{"line":225,"column":37},"end":{"line":225,"column":40}},"loc":{"start":{"line":225,"column":42},"end":{"line":227,"column":3}}},"21":{"name":"(anonymous_21)","decl":{"start":{"line":230,"column":25},"end":{"line":230,"column":26}},"loc":{"start":{"line":230,"column":46},"end":{"line":263,"column":3}}},"22":{"name":"(anonymous_22)","decl":{"start":{"line":265,"column":39},"end":{"line":265,"column":40}},"loc":{"start":{"line":265,"column":95},"end":{"line":267,"column":3}}},"23":{"name":"(anonymous_23)","decl":{"start":{"line":270,"column":37},"end":{"line":270,"column":42}},"loc":{"start":{"line":270,"column":65},"end":{"line":345,"column":3}}},"24":{"name":"(anonymous_24)","decl":{"start":{"line":283,"column":26},"end":{"line":283,"column":30}},"loc":{"start":{"line":283,"column":34},"end":{"line":283,"column":95}}},"25":{"name":"(anonymous_25)","decl":{"start":{"line":293,"column":26},"end":{"line":293,"column":30}},"loc":{"start":{"line":293,"column":34},"end":{"line":293,"column":72}}},"26":{"name":"(anonymous_26)","decl":{"start":{"line":294,"column":18},"end":{"line":294,"column":22}},"loc":{"start":{"line":294,"column":26},"end":{"line":301,"column":null}}},"27":{"name":"(anonymous_27)","decl":{"start":{"line":294,"column":35},"end":{"line":294,"column":36}},"loc":{"start":{"line":295,"column":8},"end":{"line":301,"column":13}}},"28":{"name":"(anonymous_28)","decl":{"start":{"line":304,"column":15},"end":{"line":304,"column":19}},"loc":{"start":{"line":304,"column":24},"end":{"line":308,"column":8}}},"29":{"name":"(anonymous_29)","decl":{"start":{"line":318,"column":26},"end":{"line":318,"column":30}},"loc":{"start":{"line":318,"column":34},"end":{"line":318,"column":96}}},"30":{"name":"(anonymous_30)","decl":{"start":{"line":336,"column":26},"end":{"line":336,"column":30}},"loc":{"start":{"line":336,"column":34},"end":{"line":336,"column":72}}},"31":{"name":"(anonymous_31)","decl":{"start":{"line":347,"column":44},"end":{"line":347,"column":49}},"loc":{"start":{"line":347,"column":55},"end":{"line":361,"column":3}}},"32":{"name":"(anonymous_32)","decl":{"start":{"line":350,"column":24},"end":{"line":350,"column":31}},"loc":{"start":{"line":350,"column":35},"end":{"line":350,"column":60}}},"33":{"name":"(anonymous_33)","decl":{"start":{"line":363,"column":37},"end":{"line":363,"column":38}},"loc":{"start":{"line":363,"column":81},"end":{"line":374,"column":3}}},"34":{"name":"(anonymous_34)","decl":{"start":{"line":365,"column":17},"end":{"line":365,"column":21}},"loc":{"start":{"line":366,"column":6},"end":{"line":368,"column":30}}},"35":{"name":"(anonymous_35)","decl":{"start":{"line":367,"column":22},"end":{"line":367,"column":24}},"loc":{"start":{"line":367,"column":28},"end":{"line":367,"column":44}}},"36":{"name":"(anonymous_36)","decl":{"start":{"line":376,"column":44},"end":{"line":376,"column":45}},"loc":{"start":{"line":376,"column":86},"end":{"line":379,"column":3}}},"37":{"name":"(anonymous_37)","decl":{"start":{"line":381,"column":39},"end":{"line":381,"column":40}},"loc":{"start":{"line":381,"column":56},"end":{"line":384,"column":3}}},"38":{"name":"(anonymous_38)","decl":{"start":{"line":386,"column":41},"end":{"line":386,"column":42}},"loc":{"start":{"line":386,"column":67},"end":{"line":397,"column":3}}},"39":{"name":"(anonymous_39)","decl":{"start":{"line":387,"column":19},"end":{"line":387,"column":23}},"loc":{"start":{"line":387,"column":28},"end":{"line":392,"column":6}}},"40":{"name":"(anonymous_40)","decl":{"start":{"line":413,"column":27},"end":{"line":413,"column":30}},"loc":{"start":{"line":413,"column":33},"end":{"line":413,"column":54}}},"41":{"name":"(anonymous_41)","decl":{"start":{"line":450,"column":26},"end":{"line":450,"column":27}},"loc":{"start":{"line":450,"column":33},"end":{"line":450,"column":58}}},"42":{"name":"(anonymous_42)","decl":{"start":{"line":464,"column":25},"end":{"line":464,"column":28}},"loc":{"start":{"line":464,"column":31},"end":{"line":464,"column":97}}},"43":{"name":"(anonymous_43)","decl":{"start":{"line":505,"column":25},"end":{"line":505,"column":28}},"loc":{"start":{"line":505,"column":31},"end":{"line":505,"column":55}}},"44":{"name":"(anonymous_44)","decl":{"start":{"line":511,"column":25},"end":{"line":511,"column":28}},"loc":{"start":{"line":511,"column":31},"end":{"line":511,"column":57}}},"45":{"name":"(anonymous_45)","decl":{"start":{"line":517,"column":25},"end":{"line":517,"column":28}},"loc":{"start":{"line":517,"column":31},"end":{"line":517,"column":59}}},"46":{"name":"(anonymous_46)","decl":{"start":{"line":532,"column":43},"end":{"line":532,"column":44}},"loc":{"start":{"line":532,"column":48},"end":{"line":532,"column":69}}},"47":{"name":"(anonymous_47)","decl":{"start":{"line":561,"column":16},"end":{"line":561,"column":17}},"loc":{"start":{"line":562,"column":12},"end":{"line":562,"column":29}}}},"branchMap":{"0":{"loc":{"start":{"line":152,"column":4},"end":{"line":152,"column":28}},"type":"if","locations":[{"start":{"line":152,"column":4},"end":{"line":152,"column":28}},{"start":{},"end":{}}]},"1":{"loc":{"start":{"line":167,"column":4},"end":{"line":170,"column":5}},"type":"if","locations":[{"start":{"line":167,"column":4},"end":{"line":170,"column":5}},{"start":{},"end":{}}]},"2":{"loc":{"start":{"line":182,"column":4},"end":{"line":186,"column":5}},"type":"if","locations":[{"start":{"line":182,"column":4},"end":{"line":186,"column":5}},{"start":{"line":184,"column":11},"end":{"line":186,"column":5}}]},"3":{"loc":{"start":{"line":184,"column":11},"end":{"line":186,"column":5}},"type":"if","locations":[{"start":{"line":184,"column":11},"end":{"line":186,"column":5}},{"start":{},"end":{}}]},"4":{"loc":{"start":{"line":188,"column":4},"end":{"line":194,"column":5}},"type":"if","locations":[{"start":{"line":188,"column":4},"end":{"line":194,"column":5}},{"start":{},"end":{}}]},"5":{"loc":{"start":{"line":190,"column":8},"end":{"line":192,"column":74}},"type":"binary-expr","locations":[{"start":{"line":190,"column":8},"end":{"line":190,"column":70}},{"start":{"line":191,"column":8},"end":{"line":191,"column":77}},{"start":{"line":192,"column":8},"end":{"line":192,"column":74}}]},"6":{"loc":{"start":{"line":196,"column":4},"end":{"line":198,"column":5}},"type":"if","locations":[{"start":{"line":196,"column":4},"end":{"line":198,"column":5}},{"start":{},"end":{}}]},"7":{"loc":{"start":{"line":200,"column":4},"end":{"line":213,"column":5}},"type":"switch","locations":[{"start":{"line":201,"column":6},"end":{"line":203,"column":13}},{"start":{"line":204,"column":6},"end":{"line":206,"column":13}},{"start":{"line":207,"column":6},"end":{"line":209,"column":13}},{"start":{"line":210,"column":6},"end":{"line":212,"column":13}}]},"8":{"loc":{"start":{"line":261,"column":26},"end":{"line":261,"column":58}},"type":"binary-expr","locations":[{"start":{"line":261,"column":26},"end":{"line":261,"column":41}},{"start":{"line":261,"column":45},"end":{"line":261,"column":58}}]},"9":{"loc":{"start":{"line":271,"column":29},"end":{"line":271,"column":55}},"type":"binary-expr","locations":[{"start":{"line":271,"column":29},"end":{"line":271,"column":36}},{"start":{"line":271,"column":40},"end":{"line":271,"column":55}}]},"10":{"loc":{"start":{"line":272,"column":4},"end":{"line":272,"column":33}},"type":"if","locations":[{"start":{"line":272,"column":4},"end":{"line":272,"column":33}},{"start":{},"end":{}}]},"11":{"loc":{"start":{"line":295,"column":8},"end":{"line":301,"column":13}},"type":"cond-expr","locations":[{"start":{"line":296,"column":12},"end":{"line":300,"column":null}},{"start":{"line":301,"column":12},"end":{"line":301,"column":13}}]},"12":{"loc":{"start":{"line":339,"column":48},"end":{"line":339,"column":88}},"type":"binary-expr","locations":[{"start":{"line":339,"column":48},"end":{"line":339,"column":68}},{"start":{"line":339,"column":72},"end":{"line":339,"column":88}}]},"13":{"loc":{"start":{"line":352,"column":6},"end":{"line":354,"column":7}},"type":"if","locations":[{"start":{"line":352,"column":6},"end":{"line":354,"column":7}},{"start":{},"end":{}}]},"14":{"loc":{"start":{"line":364,"column":4},"end":{"line":364,"column":null}},"type":"if","locations":[{"start":{"line":364,"column":4},"end":{"line":364,"column":null}},{"start":{},"end":{}}]},"15":{"loc":{"start":{"line":366,"column":6},"end":{"line":368,"column":30}},"type":"cond-expr","locations":[{"start":{"line":367,"column":10},"end":{"line":367,"column":45}},{"start":{"line":368,"column":10},"end":{"line":368,"column":30}}]},"16":{"loc":{"start":{"line":370,"column":29},"end":{"line":372,"column":44}},"type":"cond-expr","locations":[{"start":{"line":371,"column":8},"end":{"line":371,"column":42}},{"start":{"line":372,"column":8},"end":{"line":372,"column":44}}]},"17":{"loc":{"start":{"line":389,"column":17},"end":{"line":391,"column":65}},"type":"cond-expr","locations":[{"start":{"line":390,"column":10},"end":{"line":390,"column":65}},{"start":{"line":391,"column":10},"end":{"line":391,"column":65}}]},"18":{"loc":{"start":{"line":394,"column":17},"end":{"line":394,"column":52}},"type":"cond-expr","locations":[{"start":{"line":394,"column":35},"end":{"line":394,"column":43}},{"start":{"line":394,"column":46},"end":{"line":394,"column":52}}]},"19":{"loc":{"start":{"line":395,"column":22},"end":{"line":395,"column":93}},"type":"cond-expr","locations":[{"start":{"line":395,"column":40},"end":{"line":395,"column":65}},{"start":{"line":395,"column":68},"end":{"line":395,"column":93}}]},"20":{"loc":{"start":{"line":403,"column":7},"end":{"line":416,"column":null}},"type":"binary-expr","locations":[{"start":{"line":403,"column":7},"end":{"line":403,"column":19}},{"start":{"line":404,"column":8},"end":{"line":415,"column":null}}]},"21":{"loc":{"start":{"line":405,"column":10},"end":{"line":407,"column":null}},"type":"cond-expr","locations":[{"start":{"line":405,"column":44},"end":{"line":405,"column":95}},{"start":{"line":406,"column":10},"end":{"line":407,"column":null}}]},"22":{"loc":{"start":{"line":406,"column":10},"end":{"line":407,"column":null}},"type":"cond-expr","locations":[{"start":{"line":406,"column":42},"end":{"line":406,"column":84}},{"start":{"line":407,"column":10},"end":{"line":407,"column":null}}]},"23":{"loc":{"start":{"line":409,"column":11},"end":{"line":411,"column":60}},"type":"cond-expr","locations":[{"start":{"line":409,"column":45},"end":{"line":409,"column":101}},{"start":{"line":410,"column":11},"end":{"line":411,"column":60}}]},"24":{"loc":{"start":{"line":410,"column":11},"end":{"line":411,"column":60}},"type":"cond-expr","locations":[{"start":{"line":410,"column":43},"end":{"line":410,"column":99}},{"start":{"line":411,"column":11},"end":{"line":411,"column":60}}]},"25":{"loc":{"start":{"line":518,"column":88},"end":{"line":518,"column":156}},"type":"cond-expr","locations":[{"start":{"line":518,"column":102},"end":{"line":518,"column":126}},{"start":{"line":518,"column":129},"end":{"line":518,"column":156}}]},"26":{"loc":{"start":{"line":520,"column":17},"end":{"line":520,"column":64}},"type":"cond-expr","locations":[{"start":{"line":520,"column":31},"end":{"line":520,"column":46}},{"start":{"line":520,"column":49},"end":{"line":520,"column":64}}]},"27":{"loc":{"start":{"line":556,"column":38},"end":{"line":556,"column":134}},"type":"cond-expr","locations":[{"start":{"line":556,"column":67},"end":{"line":556,"column":75}},{"start":{"line":556,"column":78},"end":{"line":556,"column":134}}]},"28":{"loc":{"start":{"line":556,"column":78},"end":{"line":556,"column":134}},"type":"cond-expr","locations":[{"start":{"line":556,"column":109},"end":{"line":556,"column":123}},{"start":{"line":556,"column":126},"end":{"line":556,"column":134}}]},"29":{"loc":{"start":{"line":607,"column":54},"end":{"line":607,"column":163}},"type":"cond-expr","locations":[{"start":{"line":607,"column":83},"end":{"line":607,"column":99}},{"start":{"line":607,"column":102},"end":{"line":607,"column":163}}]},"30":{"loc":{"start":{"line":607,"column":102},"end":{"line":607,"column":163}},"type":"cond-expr","locations":[{"start":{"line":607,"column":133},"end":{"line":607,"column":147}},{"start":{"line":607,"column":150},"end":{"line":607,"column":163}}]},"31":{"loc":{"start":{"line":609,"column":17},"end":{"line":610,"column":87}},"type":"cond-expr","locations":[{"start":{"line":609,"column":46},"end":{"line":609,"column":64}},{"start":{"line":610,"column":17},"end":{"line":610,"column":87}}]},"32":{"loc":{"start":{"line":610,"column":17},"end":{"line":610,"column":87}},"type":"cond-expr","locations":[{"start":{"line":610,"column":48},"end":{"line":610,"column":71}},{"start":{"line":610,"column":74},"end":{"line":610,"column":87}}]}},"s":{"0":3,"1":3,"2":3,"3":3,"4":66,"5":66,"6":66,"7":66,"8":66,"9":66,"10":66,"11":66,"12":66,"13":66,"14":66,"15":66,"16":66,"17":66,"18":66,"19":66,"20":66,"21":66,"22":66,"23":66,"24":66,"25":21,"26":1,"27":20,"28":0,"29":0,"30":20,"31":20,"32":66,"33":28,"34":7,"35":0,"36":7,"37":7,"38":66,"39":19,"40":437,"41":19,"42":66,"43":19,"44":19,"45":0,"46":0,"47":19,"48":0,"49":0,"50":19,"51":0,"52":0,"53":19,"54":0,"55":0,"56":19,"57":0,"58":0,"59":0,"60":19,"61":1425,"62":19,"63":0,"64":0,"65":0,"66":0,"67":0,"68":0,"69":19,"70":66,"71":66,"72":19,"73":19,"74":66,"75":19,"76":66,"77":0,"78":0,"79":0,"80":66,"81":7,"82":66,"83":0,"84":0,"85":0,"86":0,"87":0,"88":0,"89":0,"90":0,"91":0,"92":0,"93":0,"94":0,"95":0,"96":0,"97":0,"98":0,"99":0,"100":0,"101":0,"102":0,"103":0,"104":0,"105":0,"106":0,"107":0,"108":0,"109":0,"110":0,"111":0,"112":0,"113":0,"114":66,"115":2,"116":2,"117":2,"118":2,"119":2,"120":0,"121":2,"122":2,"123":0,"124":0,"125":66,"126":0,"127":0,"128":0,"129":0,"130":0,"131":0,"132":66,"133":0,"134":0,"135":66,"136":0,"137":0,"138":66,"139":5,"140":5,"141":5,"142":66,"143":2,"144":34,"145":0,"146":3,"147":2,"148":2,"149":1518,"150":264,"151":3},"f":{"0":66,"1":21,"2":0,"3":0,"4":20,"5":28,"6":0,"7":7,"8":19,"9":437,"10":19,"11":0,"12":0,"13":0,"14":0,"15":0,"16":1425,"17":0,"18":0,"19":19,"20":19,"21":0,"22":7,"23":0,"24":0,"25":0,"26":0,"27":0,"28":0,"29":0,"30":0,"31":2,"32":2,"33":0,"34":0,"35":0,"36":0,"37":0,"38":5,"39":5,"40":2,"41":34,"42":0,"43":3,"44":2,"45":2,"46":1518,"47":264},"b":{"0":[1,20],"1":[7,21],"2":[0,19],"3":[0,19],"4":[0,19],"5":[0,0,0],"6":[0,19],"7":[0,19,0,0],"8":[0,0],"9":[0,0],"10":[0,0],"11":[0,0],"12":[0,0],"13":[0,2],"14":[0,0],"15":[0,0],"16":[0,0],"17":[3,2],"18":[3,2],"19":[3,2],"20":[66,7],"21":[7,0],"22":[0,0],"23":[7,0],"24":[0,0],"25":[65,1],"26":[65,1],"27":[64,2],"28":[2,0],"29":[64,2],"30":[2,0],"31":[64,2],"32":[2,0]}}
,"/data/data/com.termux/files/home/tetrashop-projects/src/main.tsx": {"path":"/data/data/com.termux/files/home/tetrashop-projects/src/main.tsx","statementMap":{"0":{"start":{"line":1,"column":0},"end":{"line":1,"column":25}},"1":{"start":{"line":2,"column":0},"end":{"line":2,"column":39}},"2":{"start":{"line":3,"column":0},"end":{"line":3,"column":27}},"3":{"start":{"line":4,"column":0},"end":{"line":4,"column":20}},"4":{"start":{"line":6,"column":0},"end":{"line":10,"column":null}}},"fnMap":{},"branchMap":{},"s":{"0":0,"1":0,"2":0,"3":0,"4":0},"f":{},"b":{}}
,"/data/data/com.termux/files/home/tetrashop-projects/src/mockApi.ts": {"path":"/data/data/com.termux/files/home/tetrashop-projects/src/mockApi.ts","statementMap":{"0":{"start":{"line":33,"column":34},"end":{"line":62,"column":1}},"1":{"start":{"line":34,"column":2},"end":{"line":34,"column":57}},"2":{"start":{"line":34,"column":31},"end":{"line":34,"column":55}},"3":{"start":{"line":36,"column":20},"end":{"line":36,"column":39}},"4":{"start":{"line":38,"column":2},"end":{"line":45,"column":3}},"5":{"start":{"line":39,"column":4},"end":{"line":44,"column":6}},"6":{"start":{"line":47,"column":2},"end":{"line":61,"column":4}},"7":{"start":{"line":33,"column":13},"end":{"line":33,"column":34}},"8":{"start":{"line":65,"column":30},"end":{"line":153,"column":1}},"9":{"start":{"line":69,"column":2},"end":{"line":69,"column":81}},"10":{"start":{"line":69,"column":31},"end":{"line":69,"column":79}},"11":{"start":{"line":71,"column":20},"end":{"line":71,"column":40}},"12":{"start":{"line":73,"column":2},"end":{"line":88,"column":3}},"13":{"start":{"line":74,"column":19},"end":{"line":80,"column":6}},"14":{"start":{"line":82,"column":4},"end":{"line":87,"column":6}},"15":{"start":{"line":93,"column":2},"end":{"line":145,"column":3}},"16":{"start":{"line":95,"column":6},"end":{"line":104,"column":8}},"17":{"start":{"line":105,"column":6},"end":{"line":105,"column":12}},"18":{"start":{"line":108,"column":6},"end":{"line":118,"column":8}},"19":{"start":{"line":119,"column":6},"end":{"line":119,"column":12}},"20":{"start":{"line":122,"column":6},"end":{"line":129,"column":8}},"21":{"start":{"line":130,"column":6},"end":{"line":130,"column":12}},"22":{"start":{"line":133,"column":6},"end":{"line":144,"column":8}},"23":{"start":{"line":147,"column":2},"end":{"line":152,"column":4}},"24":{"start":{"line":65,"column":13},"end":{"line":65,"column":30}},"25":{"start":{"line":156,"column":33},"end":{"line":174,"column":1}},"26":{"start":{"line":157,"column":2},"end":{"line":157,"column":57}},"27":{"start":{"line":157,"column":31},"end":{"line":157,"column":55}},"28":{"start":{"line":159,"column":36},"end":{"line":166,"column":5}},"29":{"start":{"line":159,"column":74},"end":{"line":166,"column":4}},"30":{"start":{"line":168,"column":2},"end":{"line":173,"column":4}},"31":{"start":{"line":156,"column":13},"end":{"line":156,"column":33}},"32":{"start":{"line":177,"column":29},"end":{"line":198,"column":1}},"33":{"start":{"line":178,"column":2},"end":{"line":178,"column":57}},"34":{"start":{"line":178,"column":31},"end":{"line":178,"column":55}},"35":{"start":{"line":180,"column":28},"end":{"line":190,"column":4}},"36":{"start":{"line":184,"column":54},"end":{"line":188,"column":6}},"37":{"start":{"line":192,"column":2},"end":{"line":197,"column":4}},"38":{"start":{"line":177,"column":13},"end":{"line":177,"column":29}},"39":{"start":{"line":201,"column":29},"end":{"line":222,"column":1}},"40":{"start":{"line":202,"column":2},"end":{"line":202,"column":57}},"41":{"start":{"line":202,"column":31},"end":{"line":202,"column":55}},"42":{"start":{"line":204,"column":20},"end":{"line":204,"column":54}},"43":{"start":{"line":205,"column":19},"end":{"line":205,"column":75}},"44":{"start":{"line":205,"column":56},"end":{"line":205,"column":74}},"45":{"start":{"line":207,"column":15},"end":{"line":214,"column":5}},"46":{"start":{"line":207,"column":56},"end":{"line":214,"column":4}},"47":{"start":{"line":216,"column":2},"end":{"line":221,"column":4}},"48":{"start":{"line":201,"column":13},"end":{"line":201,"column":29}},"49":{"start":{"line":225,"column":30},"end":{"line":251,"column":1}},"50":{"start":{"line":226,"column":2},"end":{"line":226,"column":57}},"51":{"start":{"line":226,"column":31},"end":{"line":226,"column":55}},"52":{"start":{"line":228,"column":18},"end":{"line":228,"column":46}},"53":{"start":{"line":230,"column":2},"end":{"line":237,"column":3}},"54":{"start":{"line":231,"column":4},"end":{"line":236,"column":6}},"55":{"start":{"line":239,"column":2},"end":{"line":250,"column":4}},"56":{"start":{"line":225,"column":13},"end":{"line":225,"column":30}}},"fnMap":{"0":{"name":"(anonymous_0)","decl":{"start":{"line":33,"column":34},"end":{"line":33,"column":39}},"loc":{"start":{"line":33,"column":71},"end":{"line":62,"column":1}}},"1":{"name":"(anonymous_1)","decl":{"start":{"line":34,"column":20},"end":{"line":34,"column":27}},"loc":{"start":{"line":34,"column":31},"end":{"line":34,"column":55}}},"2":{"name":"(anonymous_2)","decl":{"start":{"line":65,"column":30},"end":{"line":65,"column":35}},"loc":{"start":{"line":68,"column":30},"end":{"line":153,"column":1}}},"3":{"name":"(anonymous_3)","decl":{"start":{"line":69,"column":20},"end":{"line":69,"column":27}},"loc":{"start":{"line":69,"column":31},"end":{"line":69,"column":79}}},"4":{"name":"(anonymous_4)","decl":{"start":{"line":156,"column":33},"end":{"line":156,"column":38}},"loc":{"start":{"line":156,"column":70},"end":{"line":174,"column":1}}},"5":{"name":"(anonymous_5)","decl":{"start":{"line":157,"column":20},"end":{"line":157,"column":27}},"loc":{"start":{"line":157,"column":31},"end":{"line":157,"column":55}}},"6":{"name":"(anonymous_6)","decl":{"start":{"line":159,"column":63},"end":{"line":159,"column":64}},"loc":{"start":{"line":159,"column":74},"end":{"line":166,"column":4}}},"7":{"name":"(anonymous_7)","decl":{"start":{"line":177,"column":29},"end":{"line":177,"column":34}},"loc":{"start":{"line":177,"column":66},"end":{"line":198,"column":1}}},"8":{"name":"(anonymous_8)","decl":{"start":{"line":178,"column":20},"end":{"line":178,"column":27}},"loc":{"start":{"line":178,"column":31},"end":{"line":178,"column":55}}},"9":{"name":"(anonymous_9)","decl":{"start":{"line":184,"column":43},"end":{"line":184,"column":44}},"loc":{"start":{"line":184,"column":54},"end":{"line":188,"column":6}}},"10":{"name":"(anonymous_10)","decl":{"start":{"line":201,"column":29},"end":{"line":201,"column":34}},"loc":{"start":{"line":201,"column":84},"end":{"line":222,"column":1}}},"11":{"name":"(anonymous_11)","decl":{"start":{"line":202,"column":20},"end":{"line":202,"column":27}},"loc":{"start":{"line":202,"column":31},"end":{"line":202,"column":55}}},"12":{"name":"(anonymous_12)","decl":{"start":{"line":205,"column":46},"end":{"line":205,"column":47}},"loc":{"start":{"line":205,"column":56},"end":{"line":205,"column":74}}},"13":{"name":"(anonymous_13)","decl":{"start":{"line":207,"column":45},"end":{"line":207,"column":46}},"loc":{"start":{"line":207,"column":56},"end":{"line":214,"column":4}}},"14":{"name":"(anonymous_14)","decl":{"start":{"line":225,"column":30},"end":{"line":225,"column":35}},"loc":{"start":{"line":225,"column":81},"end":{"line":251,"column":1}}},"15":{"name":"(anonymous_15)","decl":{"start":{"line":226,"column":20},"end":{"line":226,"column":27}},"loc":{"start":{"line":226,"column":31},"end":{"line":226,"column":55}}}},"branchMap":{"0":{"loc":{"start":{"line":38,"column":2},"end":{"line":45,"column":3}},"type":"if","locations":[{"start":{"line":38,"column":2},"end":{"line":45,"column":3}},{"start":{},"end":{}}]},"1":{"loc":{"start":{"line":73,"column":2},"end":{"line":88,"column":3}},"type":"if","locations":[{"start":{"line":73,"column":2},"end":{"line":88,"column":3}},{"start":{},"end":{}}]},"2":{"loc":{"start":{"line":93,"column":2},"end":{"line":145,"column":3}},"type":"switch","locations":[{"start":{"line":94,"column":4},"end":{"line":105,"column":12}},{"start":{"line":107,"column":4},"end":{"line":119,"column":12}},{"start":{"line":121,"column":4},"end":{"line":130,"column":12}},{"start":{"line":132,"column":4},"end":{"line":144,"column":8}}]},"3":{"loc":{"start":{"line":96,"column":14},"end":{"line":96,"column":39}},"type":"binary-expr","locations":[{"start":{"line":96,"column":14},"end":{"line":96,"column":25}},{"start":{"line":96,"column":29},"end":{"line":96,"column":39}}]},"4":{"loc":{"start":{"line":98,"column":21},"end":{"line":98,"column":66}},"type":"cond-expr","locations":[{"start":{"line":98,"column":43},"end":{"line":98,"column":53}},{"start":{"line":98,"column":56},"end":{"line":98,"column":66}}]},"5":{"loc":{"start":{"line":109,"column":17},"end":{"line":109,"column":49}},"type":"binary-expr","locations":[{"start":{"line":109,"column":17},"end":{"line":109,"column":31}},{"start":{"line":109,"column":35},"end":{"line":109,"column":49}}]},"6":{"loc":{"start":{"line":110,"column":19},"end":{"line":110,"column":47}},"type":"binary-expr","locations":[{"start":{"line":110,"column":19},"end":{"line":110,"column":35}},{"start":{"line":110,"column":39},"end":{"line":110,"column":47}}]},"7":{"loc":{"start":{"line":123,"column":16},"end":{"line":123,"column":58}},"type":"binary-expr","locations":[{"start":{"line":123,"column":16},"end":{"line":123,"column":29}},{"start":{"line":123,"column":33},"end":{"line":123,"column":58}}]},"8":{"loc":{"start":{"line":125,"column":16},"end":{"line":125,"column":41}},"type":"binary-expr","locations":[{"start":{"line":125,"column":16},"end":{"line":125,"column":29}},{"start":{"line":125,"column":33},"end":{"line":125,"column":41}}]},"9":{"loc":{"start":{"line":162,"column":12},"end":{"line":162,"column":90}},"type":"cond-expr","locations":[{"start":{"line":162,"column":34},"end":{"line":162,"column":44}},{"start":{"line":162,"column":47},"end":{"line":162,"column":90}}]},"10":{"loc":{"start":{"line":162,"column":47},"end":{"line":162,"column":90}},"type":"cond-expr","locations":[{"start":{"line":162,"column":69},"end":{"line":162,"column":79}},{"start":{"line":162,"column":82},"end":{"line":162,"column":90}}]},"11":{"loc":{"start":{"line":201,"column":36},"end":{"line":201,"column":54}},"type":"default-arg","locations":[{"start":{"line":201,"column":52},"end":{"line":201,"column":54}}]},"12":{"loc":{"start":{"line":230,"column":2},"end":{"line":237,"column":3}},"type":"if","locations":[{"start":{"line":230,"column":2},"end":{"line":237,"column":3}},{"start":{},"end":{}}]},"13":{"loc":{"start":{"line":243,"column":15},"end":{"line":243,"column":99}},"type":"cond-expr","locations":[{"start":{"line":243,"column":43},"end":{"line":243,"column":49}},{"start":{"line":243,"column":52},"end":{"line":243,"column":99}}]},"14":{"loc":{"start":{"line":243,"column":52},"end":{"line":243,"column":99}},"type":"cond-expr","locations":[{"start":{"line":243,"column":79},"end":{"line":243,"column":84}},{"start":{"line":243,"column":87},"end":{"line":243,"column":99}}]}},"s":{"0":0,"1":0,"2":0,"3":0,"4":0,"5":0,"6":0,"7":0,"8":0,"9":0,"10":0,"11":0,"12":0,"13":0,"14":0,"15":0,"16":0,"17":0,"18":0,"19":0,"20":0,"21":0,"22":0,"23":0,"24":0,"25":0,"26":0,"27":0,"28":0,"29":0,"30":0,"31":0,"32":0,"33":0,"34":0,"35":0,"36":0,"37":0,"38":0,"39":0,"40":0,"41":0,"42":0,"43":0,"44":0,"45":0,"46":0,"47":0,"48":0,"49":0,"50":0,"51":0,"52":0,"53":0,"54":0,"55":0,"56":0},"f":{"0":0,"1":0,"2":0,"3":0,"4":0,"5":0,"6":0,"7":0,"8":0,"9":0,"10":0,"11":0,"12":0,"13":0,"14":0,"15":0},"b":{"0":[0,0],"1":[0,0],"2":[0,0,0,0],"3":[0,0],"4":[0,0],"5":[0,0],"6":[0,0],"7":[0,0],"8":[0,0],"9":[0,0],"10":[0,0],"11":[0],"12":[0,0],"13":[0,0],"14":[0,0]}}
,"/data/data/com.termux/files/home/tetrashop-projects/src/utils/serviceHelpers.ts": {"path":"/data/data/com.termux/files/home/tetrashop-projects/src/utils/serviceHelpers.ts","statementMap":{"0":{"start":{"line":17,"column":13},"end":{"line":22,"column":2}},"1":{"start":{"line":25,"column":13},"end":{"line":51,"column":2}},"2":{"start":{"line":27,"column":4},"end":{"line":32,"column":5}},"3":{"start":{"line":28,"column":21},"end":{"line":28,"column":65}},"4":{"start":{"line":29,"column":6},"end":{"line":29,"column":46}},"5":{"start":{"line":31,"column":6},"end":{"line":31,"column":16}},"6":{"start":{"line":36,"column":4},"end":{"line":36,"column":76}},"7":{"start":{"line":40,"column":20},"end":{"line":40,"column":30}},"8":{"start":{"line":41,"column":20},"end":{"line":43,"column":31}},"9":{"start":{"line":42,"column":29},"end":{"line":42,"column":45}},"10":{"start":{"line":44,"column":4},"end":{"line":44,"column":22}},"11":{"start":{"line":45,"column":4},"end":{"line":45,"column":19}},"12":{"start":{"line":49,"column":4},"end":{"line":49,"column":42}},"13":{"start":{"line":54,"column":13},"end":{"line":73,"column":2}},"14":{"start":{"line":56,"column":4},"end":{"line":61,"column":5}},"15":{"start":{"line":57,"column":21},"end":{"line":57,"column":71}},"16":{"start":{"line":58,"column":6},"end":{"line":58,"column":46}},"17":{"start":{"line":60,"column":6},"end":{"line":60,"column":16}},"18":{"start":{"line":65,"column":20},"end":{"line":65,"column":30}},"19":{"start":{"line":66,"column":20},"end":{"line":66,"column":87}},"20":{"start":{"line":66,"column":56},"end":{"line":66,"column":72}},"21":{"start":{"line":67,"column":4},"end":{"line":67,"column":80}},"22":{"start":{"line":71,"column":4},"end":{"line":71,"column":58}},"23":{"start":{"line":76,"column":13},"end":{"line":117,"column":2}},"24":{"start":{"line":78,"column":4},"end":{"line":78,"column":39}},"25":{"start":{"line":78,"column":23},"end":{"line":78,"column":39}},"26":{"start":{"line":80,"column":23},"end":{"line":80,"column":42}},"27":{"start":{"line":81,"column":4},"end":{"line":85,"column":6}},"28":{"start":{"line":82,"column":6},"end":{"line":84,"column":57}},"29":{"start":{"line":89,"column":4},"end":{"line":89,"column":44}},"30":{"start":{"line":89,"column":28},"end":{"line":89,"column":44}},"31":{"start":{"line":90,"column":4},"end":{"line":90,"column":69}},"32":{"start":{"line":90,"column":38},"end":{"line":90,"column":67}},"33":{"start":{"line":94,"column":4},"end":{"line":94,"column":42}},"34":{"start":{"line":94,"column":26},"end":{"line":94,"column":42}},"35":{"start":{"line":95,"column":4},"end":{"line":95,"column":65}},"36":{"start":{"line":95,"column":38},"end":{"line":95,"column":63}},"37":{"start":{"line":99,"column":19},"end":{"line":99,"column":32}},"38":{"start":{"line":101,"column":4},"end":{"line":115,"column":5}},"39":{"start":{"line":103,"column":8},"end":{"line":103,"column":67}},"40":{"start":{"line":103,"column":37},"end":{"line":103,"column":65}},"41":{"start":{"line":106,"column":8},"end":{"line":106,"column":66}},"42":{"start":{"line":106,"column":37},"end":{"line":106,"column":64}},"43":{"start":{"line":109,"column":8},"end":{"line":111,"column":10}},"44":{"start":{"line":110,"column":10},"end":{"line":110,"column":73}},"45":{"start":{"line":114,"column":8},"end":{"line":114,"column":22}},"46":{"start":{"line":120,"column":36},"end":{"line":140,"column":1}},"47":{"start":{"line":121,"column":21},"end":{"line":121,"column":118}},"48":{"start":{"line":122,"column":16},"end":{"line":122,"column":96}},"49":{"start":{"line":124,"column":2},"end":{"line":139,"column":5}},"50":{"start":{"line":125,"column":21},"end":{"line":125,"column":54}},"51":{"start":{"line":126,"column":17},"end":{"line":126,"column":40}},"52":{"start":{"line":128,"column":4},"end":{"line":138,"column":6}},"53":{"start":{"line":120,"column":13},"end":{"line":120,"column":36}},"54":{"start":{"line":143,"column":28},"end":{"line":145,"column":1}},"55":{"start":{"line":144,"column":2},"end":{"line":144,"column":52}},"56":{"start":{"line":143,"column":13},"end":{"line":143,"column":28}},"57":{"start":{"line":148,"column":26},"end":{"line":169,"column":1}},"58":{"start":{"line":149,"column":15},"end":{"line":149,"column":35}},"59":{"start":{"line":150,"column":14},"end":{"line":150,"column":24}},"60":{"start":{"line":151,"column":17},"end":{"line":151,"column":47}},"61":{"start":{"line":152,"column":19},"end":{"line":152,"column":45}},"62":{"start":{"line":153,"column":20},"end":{"line":153,"column":48}},"63":{"start":{"line":154,"column":19},"end":{"line":154,"column":48}},"64":{"start":{"line":156,"column":2},"end":{"line":168,"column":3}},"65":{"start":{"line":157,"column":4},"end":{"line":157,"column":35}},"66":{"start":{"line":158,"column":9},"end":{"line":168,"column":3}},"67":{"start":{"line":159,"column":4},"end":{"line":159,"column":35}},"68":{"start":{"line":160,"column":9},"end":{"line":168,"column":3}},"69":{"start":{"line":161,"column":4},"end":{"line":161,"column":33}},"70":{"start":{"line":163,"column":4},"end":{"line":167,"column":7}},"71":{"start":{"line":148,"column":13},"end":{"line":148,"column":26}},"72":{"start":{"line":172,"column":30},"end":{"line":186,"column":1}},"73":{"start":{"line":173,"column":24},"end":{"line":173,"column":39}},"74":{"start":{"line":174,"column":25},"end":{"line":174,"column":75}},"75":{"start":{"line":174,"column":46},"end":{"line":174,"column":67}},"76":{"start":{"line":175,"column":24},"end":{"line":175,"column":86}},"77":{"start":{"line":175,"column":58},"end":{"line":175,"column":82}},"78":{"start":{"line":176,"column":19},"end":{"line":176,"column":60}},"79":{"start":{"line":177,"column":26},"end":{"line":177,"column":86}},"80":{"start":{"line":177,"column":55},"end":{"line":177,"column":82}},"81":{"start":{"line":179,"column":2},"end":{"line":185,"column":4}},"82":{"start":{"line":172,"column":13},"end":{"line":172,"column":30}}},"fnMap":{"0":{"name":"(anonymous_0)","decl":{"start":{"line":26,"column":2},"end":{"line":26,"column":5}},"loc":{"start":{"line":26,"column":5},"end":{"line":33,"column":3}}},"1":{"name":"(anonymous_1)","decl":{"start":{"line":35,"column":2},"end":{"line":35,"column":5}},"loc":{"start":{"line":35,"column":25},"end":{"line":37,"column":3}}},"2":{"name":"(anonymous_2)","decl":{"start":{"line":39,"column":2},"end":{"line":39,"column":8}},"loc":{"start":{"line":39,"column":26},"end":{"line":46,"column":3}}},"3":{"name":"(anonymous_3)","decl":{"start":{"line":42,"column":23},"end":{"line":42,"column":25}},"loc":{"start":{"line":42,"column":29},"end":{"line":42,"column":45}}},"4":{"name":"(anonymous_4)","decl":{"start":{"line":48,"column":2},"end":{"line":48,"column":12}},"loc":{"start":{"line":48,"column":30},"end":{"line":50,"column":3}}},"5":{"name":"(anonymous_5)","decl":{"start":{"line":55,"column":2},"end":{"line":55,"column":5}},"loc":{"start":{"line":55,"column":5},"end":{"line":62,"column":3}}},"6":{"name":"(anonymous_6)","decl":{"start":{"line":64,"column":2},"end":{"line":64,"column":5}},"loc":{"start":{"line":64,"column":23},"end":{"line":68,"column":3}}},"7":{"name":"(anonymous_7)","decl":{"start":{"line":66,"column":50},"end":{"line":66,"column":52}},"loc":{"start":{"line":66,"column":56},"end":{"line":66,"column":72}}},"8":{"name":"(anonymous_8)","decl":{"start":{"line":70,"column":2},"end":{"line":70,"column":7}},"loc":{"start":{"line":70,"column":7},"end":{"line":72,"column":3}}},"9":{"name":"(anonymous_9)","decl":{"start":{"line":77,"column":2},"end":{"line":77,"column":8}},"loc":{"start":{"line":77,"column":43},"end":{"line":86,"column":3}}},"10":{"name":"(anonymous_10)","decl":{"start":{"line":81,"column":27},"end":{"line":81,"column":34}},"loc":{"start":{"line":82,"column":6},"end":{"line":84,"column":57}}},"11":{"name":"(anonymous_11)","decl":{"start":{"line":88,"column":2},"end":{"line":88,"column":12}},"loc":{"start":{"line":88,"column":50},"end":{"line":91,"column":3}}},"12":{"name":"(anonymous_12)","decl":{"start":{"line":90,"column":27},"end":{"line":90,"column":34}},"loc":{"start":{"line":90,"column":38},"end":{"line":90,"column":67}}},"13":{"name":"(anonymous_13)","decl":{"start":{"line":93,"column":2},"end":{"line":93,"column":10}},"loc":{"start":{"line":93,"column":69},"end":{"line":96,"column":3}}},"14":{"name":"(anonymous_14)","decl":{"start":{"line":95,"column":27},"end":{"line":95,"column":34}},"loc":{"start":{"line":95,"column":38},"end":{"line":95,"column":63}}},"15":{"name":"(anonymous_15)","decl":{"start":{"line":98,"column":2},"end":{"line":98,"column":6}},"loc":{"start":{"line":98,"column":63},"end":{"line":116,"column":3}}},"16":{"name":"(anonymous_16)","decl":{"start":{"line":103,"column":27},"end":{"line":103,"column":28}},"loc":{"start":{"line":103,"column":37},"end":{"line":103,"column":65}}},"17":{"name":"(anonymous_17)","decl":{"start":{"line":106,"column":27},"end":{"line":106,"column":28}},"loc":{"start":{"line":106,"column":37},"end":{"line":106,"column":64}}},"18":{"name":"(anonymous_18)","decl":{"start":{"line":109,"column":27},"end":{"line":109,"column":28}},"loc":{"start":{"line":110,"column":10},"end":{"line":110,"column":73}}},"19":{"name":"(anonymous_19)","decl":{"start":{"line":120,"column":36},"end":{"line":120,"column":37}},"loc":{"start":{"line":120,"column":70},"end":{"line":140,"column":1}}},"20":{"name":"(anonymous_20)","decl":{"start":{"line":124,"column":39},"end":{"line":124,"column":40}},"loc":{"start":{"line":124,"column":48},"end":{"line":139,"column":3}}},"21":{"name":"(anonymous_21)","decl":{"start":{"line":143,"column":28},"end":{"line":143,"column":29}},"loc":{"start":{"line":143,"column":52},"end":{"line":145,"column":1}}},"22":{"name":"(anonymous_22)","decl":{"start":{"line":148,"column":26},"end":{"line":148,"column":27}},"loc":{"start":{"line":148,"column":57},"end":{"line":169,"column":1}}},"23":{"name":"(anonymous_23)","decl":{"start":{"line":172,"column":30},"end":{"line":172,"column":31}},"loc":{"start":{"line":172,"column":54},"end":{"line":186,"column":1}}},"24":{"name":"(anonymous_24)","decl":{"start":{"line":174,"column":41},"end":{"line":174,"column":42}},"loc":{"start":{"line":174,"column":46},"end":{"line":174,"column":67}}},"25":{"name":"(anonymous_25)","decl":{"start":{"line":175,"column":40},"end":{"line":175,"column":41}},"loc":{"start":{"line":175,"column":58},"end":{"line":175,"column":82}}},"26":{"name":"(anonymous_26)","decl":{"start":{"line":177,"column":45},"end":{"line":177,"column":46}},"loc":{"start":{"line":177,"column":55},"end":{"line":177,"column":82}}}},"branchMap":{"0":{"loc":{"start":{"line":29,"column":13},"end":{"line":29,"column":45}},"type":"cond-expr","locations":[{"start":{"line":29,"column":22},"end":{"line":29,"column":40}},{"start":{"line":29,"column":43},"end":{"line":29,"column":45}}]},"1":{"loc":{"start":{"line":41,"column":20},"end":{"line":43,"column":31}},"type":"cond-expr","locations":[{"start":{"line":42,"column":8},"end":{"line":42,"column":46}},{"start":{"line":43,"column":8},"end":{"line":43,"column":31}}]},"2":{"loc":{"start":{"line":58,"column":13},"end":{"line":58,"column":45}},"type":"cond-expr","locations":[{"start":{"line":58,"column":22},"end":{"line":58,"column":40}},{"start":{"line":58,"column":43},"end":{"line":58,"column":45}}]},"3":{"loc":{"start":{"line":78,"column":4},"end":{"line":78,"column":39}},"type":"if","locations":[{"start":{"line":78,"column":4},"end":{"line":78,"column":39}},{"start":{},"end":{}}]},"4":{"loc":{"start":{"line":82,"column":6},"end":{"line":84,"column":57}},"type":"binary-expr","locations":[{"start":{"line":82,"column":6},"end":{"line":82,"column":53}},{"start":{"line":83,"column":6},"end":{"line":83,"column":60}},{"start":{"line":84,"column":6},"end":{"line":84,"column":57}}]},"5":{"loc":{"start":{"line":89,"column":4},"end":{"line":89,"column":44}},"type":"if","locations":[{"start":{"line":89,"column":4},"end":{"line":89,"column":44}},{"start":{},"end":{}}]},"6":{"loc":{"start":{"line":94,"column":4},"end":{"line":94,"column":42}},"type":"if","locations":[{"start":{"line":94,"column":4},"end":{"line":94,"column":42}},{"start":{},"end":{}}]},"7":{"loc":{"start":{"line":101,"column":4},"end":{"line":115,"column":5}},"type":"switch","locations":[{"start":{"line":102,"column":6},"end":{"line":103,"column":67}},{"start":{"line":105,"column":6},"end":{"line":106,"column":66}},{"start":{"line":108,"column":6},"end":{"line":111,"column":10}},{"start":{"line":113,"column":6},"end":{"line":114,"column":22}}]},"8":{"loc":{"start":{"line":120,"column":37},"end":{"line":120,"column":55}},"type":"default-arg","locations":[{"start":{"line":120,"column":53},"end":{"line":120,"column":55}}]},"9":{"loc":{"start":{"line":132,"column":14},"end":{"line":132,"column":57}},"type":"cond-expr","locations":[{"start":{"line":132,"column":36},"end":{"line":132,"column":44}},{"start":{"line":132,"column":47},"end":{"line":132,"column":57}}]},"10":{"loc":{"start":{"line":156,"column":2},"end":{"line":168,"column":3}},"type":"if","locations":[{"start":{"line":156,"column":2},"end":{"line":168,"column":3}},{"start":{"line":158,"column":9},"end":{"line":168,"column":3}}]},"11":{"loc":{"start":{"line":158,"column":9},"end":{"line":168,"column":3}},"type":"if","locations":[{"start":{"line":158,"column":9},"end":{"line":168,"column":3}},{"start":{"line":160,"column":9},"end":{"line":168,"column":3}}]},"12":{"loc":{"start":{"line":160,"column":9},"end":{"line":168,"column":3}},"type":"if","locations":[{"start":{"line":160,"column":9},"end":{"line":168,"column":3}},{"start":{"line":162,"column":9},"end":{"line":168,"column":3}}]},"13":{"loc":{"start":{"line":184,"column":21},"end":{"line":184,"column":67}},"type":"cond-expr","locations":[{"start":{"line":184,"column":39},"end":{"line":184,"column":59}},{"start":{"line":184,"column":62},"end":{"line":184,"column":67}}]}},"s":{"0":0,"1":0,"2":0,"3":0,"4":0,"5":0,"6":0,"7":0,"8":0,"9":0,"10":0,"11":0,"12":0,"13":0,"14":0,"15":0,"16":0,"17":0,"18":0,"19":0,"20":0,"21":0,"22":0,"23":0,"24":0,"25":0,"26":0,"27":0,"28":0,"29":0,"30":0,"31":0,"32":0,"33":0,"34":0,"35":0,"36":0,"37":0,"38":0,"39":0,"40":0,"41":0,"42":0,"43":0,"44":0,"45":0,"46":0,"47":0,"48":0,"49":0,"50":0,"51":0,"52":0,"53":0,"54":0,"55":0,"56":0,"57":0,"58":0,"59":0,"60":0,"61":0,"62":0,"63":0,"64":0,"65":0,"66":0,"67":0,"68":0,"69":0,"70":0,"71":0,"72":0,"73":0,"74":0,"75":0,"76":0,"77":0,"78":0,"79":0,"80":0,"81":0,"82":0},"f":{"0":0,"1":0,"2":0,"3":0,"4":0,"5":0,"6":0,"7":0,"8":0,"9":0,"10":0,"11":0,"12":0,"13":0,"14":0,"15":0,"16":0,"17":0,"18":0,"19":0,"20":0,"21":0,"22":0,"23":0,"24":0,"25":0,"26":0},"b":{"0":[0,0],"1":[0,0],"2":[0,0],"3":[0,0],"4":[0,0,0],"5":[0,0],"6":[0,0],"7":[0,0,0,0],"8":[0],"9":[0,0],"10":[0,0],"11":[0,0],"12":[0,0],"13":[0,0]}}
,"/data/data/com.termux/files/home/tetrashop-projects/src/utils/testableLogic.ts": {"path":"/data/data/com.termux/files/home/tetrashop-projects/src/utils/testableLogic.ts","statementMap":{"0":{"start":{"line":13,"column":8},"end":{"line":13,"column":23}},"1":{"start":{"line":9,"column":8},"end":{"line":9,"column":null}},"2":{"start":{"line":10,"column":8},"end":{"line":10,"column":null}},"3":{"start":{"line":11,"column":8},"end":{"line":11,"column":null}},"4":{"start":{"line":14,"column":8},"end":{"line":14,"column":31}},"5":{"start":{"line":6,"column":0},"end":{"line":6,"column":13}},"6":{"start":{"line":18,"column":30},"end":{"line":51,"column":1}},"7":{"start":{"line":19,"column":4},"end":{"line":19,"column":40}},"8":{"start":{"line":21,"column":4},"end":{"line":23,"column":5}},"9":{"start":{"line":22,"column":8},"end":{"line":22,"column":20}},"10":{"start":{"line":26,"column":4},"end":{"line":33,"column":5}},"11":{"start":{"line":27,"column":8},"end":{"line":32,"column":10}},"12":{"start":{"line":35,"column":4},"end":{"line":42,"column":5}},"13":{"start":{"line":36,"column":8},"end":{"line":41,"column":10}},"14":{"start":{"line":45,"column":4},"end":{"line":50,"column":6}},"15":{"start":{"line":18,"column":13},"end":{"line":18,"column":30}},"16":{"start":{"line":54,"column":30},"end":{"line":66,"column":1}},"17":{"start":{"line":55,"column":45},"end":{"line":63,"column":6}},"18":{"start":{"line":65,"column":4},"end":{"line":65,"column":45}},"19":{"start":{"line":54,"column":13},"end":{"line":54,"column":30}},"20":{"start":{"line":68,"column":29},"end":{"line":80,"column":1}},"21":{"start":{"line":69,"column":44},"end":{"line":77,"column":6}},"22":{"start":{"line":79,"column":4},"end":{"line":79,"column":37}},"23":{"start":{"line":68,"column":13},"end":{"line":68,"column":29}},"24":{"start":{"line":82,"column":26},"end":{"line":101,"column":1}},"25":{"start":{"line":83,"column":4},"end":{"line":83,"column":33}},"26":{"start":{"line":83,"column":21},"end":{"line":83,"column":33}},"27":{"start":{"line":85,"column":4},"end":{"line":100,"column":5}},"28":{"start":{"line":86,"column":21},"end":{"line":86,"column":41}},"29":{"start":{"line":87,"column":8},"end":{"line":89,"column":9}},"30":{"start":{"line":88,"column":12},"end":{"line":88,"column":49}},"31":{"start":{"line":91,"column":8},"end":{"line":96,"column":11}},"32":{"start":{"line":98,"column":8},"end":{"line":98,"column":75}},"33":{"start":{"line":99,"column":8},"end":{"line":99,"column":31}},"34":{"start":{"line":82,"column":13},"end":{"line":82,"column":26}},"35":{"start":{"line":103,"column":34},"end":{"line":107,"column":1}},"36":{"start":{"line":104,"column":4},"end":{"line":104,"column":29}},"37":{"start":{"line":104,"column":16},"end":{"line":104,"column":29}},"38":{"start":{"line":105,"column":4},"end":{"line":105,"column":36}},"39":{"start":{"line":105,"column":19},"end":{"line":105,"column":36}},"40":{"start":{"line":106,"column":4},"end":{"line":106,"column":40}},"41":{"start":{"line":103,"column":13},"end":{"line":103,"column":34}},"42":{"start":{"line":117,"column":43},"end":{"line":127,"column":2}},"43":{"start":{"line":129,"column":36},"end":{"line":179,"column":1}},"44":{"start":{"line":133,"column":24},"end":{"line":133,"column":55}},"45":{"start":{"line":136,"column":18},"end":{"line":136,"column":102}},"46":{"start":{"line":137,"column":4},"end":{"line":137,"column":61}},"47":{"start":{"line":137,"column":33},"end":{"line":137,"column":59}},"48":{"start":{"line":140,"column":26},"end":{"line":140,"column":65}},"49":{"start":{"line":142,"column":4},"end":{"line":164,"column":5}},"50":{"start":{"line":144,"column":21},"end":{"line":144,"column":34}},"51":{"start":{"line":145,"column":31},"end":{"line":145,"column":32}},"52":{"start":{"line":147,"column":8},"end":{"line":156,"column":9}},"53":{"start":{"line":148,"column":12},"end":{"line":148,"column":49}},"54":{"start":{"line":149,"column":12},"end":{"line":155,"column":13}},"55":{"start":{"line":150,"column":16},"end":{"line":154,"column":18}},"56":{"start":{"line":159,"column":8},"end":{"line":163,"column":10}},"57":{"start":{"line":167,"column":4},"end":{"line":178,"column":6}},"58":{"start":{"line":129,"column":13},"end":{"line":129,"column":36}},"59":{"start":{"line":182,"column":43},"end":{"line":209,"column":1}},"60":{"start":{"line":189,"column":4},"end":{"line":197,"column":5}},"61":{"start":{"line":190,"column":8},"end":{"line":196,"column":10}},"62":{"start":{"line":199,"column":30},"end":{"line":199,"column":60}},"63":{"start":{"line":199,"column":50},"end":{"line":199,"column":59}},"64":{"start":{"line":200,"column":22},"end":{"line":200,"column":72}},"65":{"start":{"line":200,"column":39},"end":{"line":200,"column":49}},"66":{"start":{"line":200,"column":66},"end":{"line":200,"column":71}},"67":{"start":{"line":202,"column":4},"end":{"line":208,"column":6}},"68":{"start":{"line":203,"column":58},"end":{"line":203,"column":65}},"69":{"start":{"line":182,"column":13},"end":{"line":182,"column":43}}},"fnMap":{"0":{"name":"(anonymous_0)","decl":{"start":{"line":7,"column":4},"end":{"line":7,"column":null}},"loc":{"start":{"line":11,"column":34},"end":{"line":15,"column":5}}},"1":{"name":"(anonymous_1)","decl":{"start":{"line":18,"column":30},"end":{"line":18,"column":31}},"loc":{"start":{"line":18,"column":52},"end":{"line":51,"column":1}}},"2":{"name":"(anonymous_2)","decl":{"start":{"line":54,"column":30},"end":{"line":54,"column":31}},"loc":{"start":{"line":54,"column":57},"end":{"line":66,"column":1}}},"3":{"name":"(anonymous_3)","decl":{"start":{"line":68,"column":29},"end":{"line":68,"column":30}},"loc":{"start":{"line":68,"column":56},"end":{"line":80,"column":1}}},"4":{"name":"(anonymous_4)","decl":{"start":{"line":82,"column":26},"end":{"line":82,"column":27}},"loc":{"start":{"line":82,"column":57},"end":{"line":101,"column":1}}},"5":{"name":"(anonymous_5)","decl":{"start":{"line":103,"column":34},"end":{"line":103,"column":35}},"loc":{"start":{"line":103,"column":57},"end":{"line":107,"column":1}}},"6":{"name":"(anonymous_6)","decl":{"start":{"line":129,"column":36},"end":{"line":129,"column":41}},"loc":{"start":{"line":132,"column":18},"end":{"line":179,"column":1}}},"7":{"name":"(anonymous_7)","decl":{"start":{"line":137,"column":22},"end":{"line":137,"column":29}},"loc":{"start":{"line":137,"column":33},"end":{"line":137,"column":59}}},"8":{"name":"(anonymous_8)","decl":{"start":{"line":182,"column":43},"end":{"line":182,"column":44}},"loc":{"start":{"line":188,"column":4},"end":{"line":209,"column":1}}},"9":{"name":"(anonymous_9)","decl":{"start":{"line":199,"column":45},"end":{"line":199,"column":46}},"loc":{"start":{"line":199,"column":50},"end":{"line":199,"column":59}}},"10":{"name":"(anonymous_10)","decl":{"start":{"line":200,"column":34},"end":{"line":200,"column":35}},"loc":{"start":{"line":200,"column":39},"end":{"line":200,"column":49}}},"11":{"name":"(anonymous_11)","decl":{"start":{"line":200,"column":56},"end":{"line":200,"column":57}},"loc":{"start":{"line":200,"column":66},"end":{"line":200,"column":71}}},"12":{"name":"(anonymous_12)","decl":{"start":{"line":203,"column":46},"end":{"line":203,"column":47}},"loc":{"start":{"line":203,"column":58},"end":{"line":203,"column":65}}}},"branchMap":{"0":{"loc":{"start":{"line":21,"column":4},"end":{"line":23,"column":5}},"type":"if","locations":[{"start":{"line":21,"column":4},"end":{"line":23,"column":5}},{"start":{},"end":{}}]},"1":{"loc":{"start":{"line":26,"column":4},"end":{"line":33,"column":5}},"type":"if","locations":[{"start":{"line":26,"column":4},"end":{"line":33,"column":5}},{"start":{},"end":{}}]},"2":{"loc":{"start":{"line":26,"column":8},"end":{"line":26,"column":80}},"type":"binary-expr","locations":[{"start":{"line":26,"column":8},"end":{"line":26,"column":42}},{"start":{"line":26,"column":46},"end":{"line":26,"column":80}}]},"3":{"loc":{"start":{"line":35,"column":4},"end":{"line":42,"column":5}},"type":"if","locations":[{"start":{"line":35,"column":4},"end":{"line":42,"column":5}},{"start":{},"end":{}}]},"4":{"loc":{"start":{"line":35,"column":8},"end":{"line":35,"column":80}},"type":"binary-expr","locations":[{"start":{"line":35,"column":8},"end":{"line":35,"column":42}},{"start":{"line":35,"column":46},"end":{"line":35,"column":80}}]},"5":{"loc":{"start":{"line":46,"column":24},"end":{"line":46,"column":51}},"type":"binary-expr","locations":[{"start":{"line":46,"column":24},"end":{"line":46,"column":37}},{"start":{"line":46,"column":41},"end":{"line":46,"column":51}}]},"6":{"loc":{"start":{"line":65,"column":11},"end":{"line":65,"column":44}},"type":"binary-expr","locations":[{"start":{"line":65,"column":11},"end":{"line":65,"column":27}},{"start":{"line":65,"column":31},"end":{"line":65,"column":44}}]},"7":{"loc":{"start":{"line":79,"column":11},"end":{"line":79,"column":36}},"type":"binary-expr","locations":[{"start":{"line":79,"column":11},"end":{"line":79,"column":26}},{"start":{"line":79,"column":30},"end":{"line":79,"column":36}}]},"8":{"loc":{"start":{"line":83,"column":4},"end":{"line":83,"column":33}},"type":"if","locations":[{"start":{"line":83,"column":4},"end":{"line":83,"column":33}},{"start":{},"end":{}}]},"9":{"loc":{"start":{"line":87,"column":8},"end":{"line":89,"column":9}},"type":"if","locations":[{"start":{"line":87,"column":8},"end":{"line":89,"column":9}},{"start":{},"end":{}}]},"10":{"loc":{"start":{"line":104,"column":4},"end":{"line":104,"column":29}},"type":"if","locations":[{"start":{"line":104,"column":4},"end":{"line":104,"column":29}},{"start":{},"end":{}}]},"11":{"loc":{"start":{"line":105,"column":4},"end":{"line":105,"column":36}},"type":"if","locations":[{"start":{"line":105,"column":4},"end":{"line":105,"column":36}},{"start":{},"end":{}}]},"12":{"loc":{"start":{"line":131,"column":4},"end":{"line":131,"column":45}},"type":"default-arg","locations":[{"start":{"line":131,"column":43},"end":{"line":131,"column":45}}]},"13":{"loc":{"start":{"line":142,"column":4},"end":{"line":164,"column":5}},"type":"if","locations":[{"start":{"line":142,"column":4},"end":{"line":164,"column":5}},{"start":{},"end":{}}]},"14":{"loc":{"start":{"line":149,"column":12},"end":{"line":155,"column":13}},"type":"if","locations":[{"start":{"line":149,"column":12},"end":{"line":155,"column":13}},{"start":{},"end":{}}]},"15":{"loc":{"start":{"line":189,"column":4},"end":{"line":197,"column":5}},"type":"if","locations":[{"start":{"line":189,"column":4},"end":{"line":197,"column":5}},{"start":{},"end":{}}]}},"s":{"0":1,"1":1,"2":1,"3":1,"4":1,"5":4,"6":4,"7":0,"8":0,"9":0,"10":0,"11":0,"12":0,"13":0,"14":0,"15":4,"16":4,"17":2,"18":2,"19":4,"20":4,"21":1,"22":1,"23":4,"24":4,"25":2,"26":1,"27":1,"28":1,"29":1,"30":0,"31":1,"32":0,"33":0,"34":4,"35":4,"36":1,"37":0,"38":1,"39":1,"40":0,"41":4,"42":4,"43":4,"44":1,"45":1,"46":1,"47":1,"48":1,"49":1,"50":0,"51":0,"52":0,"53":0,"54":0,"55":0,"56":0,"57":1,"58":4,"59":4,"60":19,"61":19,"62":0,"63":0,"64":0,"65":0,"66":0,"67":0,"68":0,"69":4},"f":{"0":1,"1":0,"2":2,"3":1,"4":2,"5":1,"6":1,"7":1,"8":19,"9":0,"10":0,"11":0,"12":0},"b":{"0":[0,0],"1":[0,0],"2":[0,0],"3":[0,0],"4":[0,0],"5":[0,0],"6":[2,1],"7":[1,0],"8":[1,1],"9":[0,1],"10":[0,1],"11":[1,0],"12":[1],"13":[0,1],"14":[0,0],"15":[19,0]}}
}
