TN:
SF:src/App.tsx
FN:71,App
FN:151,(anonymous_1)
FN:153,(anonymous_2)
FN:154,(anonymous_3)
FN:162,(anonymous_4)
FN:166,(anonymous_5)
FN:168,(anonymous_6)
FN:169,(anonymous_7)
FN:174,(anonymous_8)
FN:175,(anonymous_9)
FN:179,(anonymous_10)
FN:183,(anonymous_11)
FN:185,(anonymous_12)
FN:189,(anonymous_13)
FN:197,(anonymous_14)
FN:202,(anonymous_15)
FN:205,(anonymous_16)
FN:208,(anonymous_17)
FN:211,(anonymous_18)
FN:219,(anonymous_19)
FN:225,(anonymous_20)
FN:230,(anonymous_21)
FN:265,(anonymous_22)
FN:270,(anonymous_23)
FN:283,(anonymous_24)
FN:293,(anonymous_25)
FN:294,(anonymous_26)
FN:294,(anonymous_27)
FN:304,(anonymous_28)
FN:318,(anonymous_29)
FN:336,(anonymous_30)
FN:347,(anonymous_31)
FN:350,(anonymous_32)
FN:363,(anonymous_33)
FN:365,(anonymous_34)
FN:367,(anonymous_35)
FN:376,(anonymous_36)
FN:381,(anonymous_37)
FN:386,(anonymous_38)
FN:387,(anonymous_39)
FN:413,(anonymous_40)
FN:450,(anonymous_41)
FN:464,(anonymous_42)
FN:505,(anonymous_43)
FN:511,(anonymous_44)
FN:517,(anonymous_45)
FN:532,(anonymous_46)
FN:561,(anonymous_47)
FNF:48
FNH:23
FNDA:66,App
FNDA:21,(anonymous_1)
FNDA:0,(anonymous_2)
FNDA:0,(anonymous_3)
FNDA:20,(anonymous_4)
FNDA:28,(anonymous_5)
FNDA:0,(anonymous_6)
FNDA:7,(anonymous_7)
FNDA:19,(anonymous_8)
FNDA:437,(anonymous_9)
FNDA:19,(anonymous_10)
FNDA:0,(anonymous_11)
FNDA:0,(anonymous_12)
FNDA:0,(anonymous_13)
FNDA:0,(anonymous_14)
FNDA:0,(anonymous_15)
FNDA:1425,(anonymous_16)
FNDA:0,(anonymous_17)
FNDA:0,(anonymous_18)
FNDA:19,(anonymous_19)
FNDA:19,(anonymous_20)
FNDA:0,(anonymous_21)
FNDA:7,(anonymous_22)
FNDA:0,(anonymous_23)
FNDA:0,(anonymous_24)
FNDA:0,(anonymous_25)
FNDA:0,(anonymous_26)
FNDA:0,(anonymous_27)
FNDA:0,(anonymous_28)
FNDA:0,(anonymous_29)
FNDA:0,(anonymous_30)
FNDA:2,(anonymous_31)
FNDA:2,(anonymous_32)
FNDA:0,(anonymous_33)
FNDA:0,(anonymous_34)
FNDA:0,(anonymous_35)
FNDA:0,(anonymous_36)
FNDA:0,(anonymous_37)
FNDA:5,(anonymous_38)
FNDA:5,(anonymous_39)
FNDA:2,(anonymous_40)
FNDA:34,(anonymous_41)
FNDA:0,(anonymous_42)
FNDA:3,(anonymous_43)
FNDA:2,(anonymous_44)
FNDA:2,(anonymous_45)
FNDA:1518,(anonymous_46)
FNDA:264,(anonymous_47)
DA:1,3
DA:2,3
DA:12,3
DA:14,3
DA:72,66
DA:84,66
DA:110,66
DA:122,66
DA:123,66
DA:124,66
DA:125,66
DA:126,66
DA:127,66
DA:128,66
DA:129,66
DA:130,66
DA:131,66
DA:132,66
DA:133,66
DA:134,66
DA:135,66
DA:136,66
DA:137,66
DA:140,66
DA:151,66
DA:152,21
DA:153,20
DA:154,0
DA:162,20
DA:166,66
DA:167,28
DA:168,7
DA:169,7
DA:174,66
DA:175,437
DA:176,19
DA:179,66
DA:180,19
DA:182,19
DA:183,0
DA:184,19
DA:185,0
DA:188,19
DA:189,0
DA:190,0
DA:196,19
DA:197,0
DA:200,19
DA:202,0
DA:203,0
DA:205,1425
DA:206,19
DA:208,0
DA:209,0
DA:211,0
DA:212,0
DA:215,19
DA:218,66
DA:219,66
DA:220,19
DA:221,19
DA:225,66
DA:226,19
DA:230,66
DA:231,0
DA:261,0
DA:262,0
DA:265,66
DA:266,7
DA:270,66
DA:271,0
DA:272,0
DA:274,0
DA:275,0
DA:277,0
DA:279,0
DA:281,0
DA:283,0
DA:285,0
DA:293,0
DA:294,0
DA:295,0
DA:304,0
DA:310,0
DA:316,0
DA:318,0
DA:321,0
DA:322,0
DA:323,0
DA:325,0
DA:328,0
DA:336,0
DA:338,0
DA:343,0
DA:347,66
DA:348,2
DA:349,2
DA:350,2
DA:352,2
DA:353,0
DA:355,2
DA:356,2
DA:358,0
DA:359,0
DA:363,66
DA:364,0
DA:365,0
DA:366,0
DA:367,0
DA:370,0
DA:376,66
DA:377,0
DA:378,0
DA:381,66
DA:382,0
DA:383,0
DA:386,66
DA:387,5
DA:393,5
DA:400,66
DA:413,2
DA:450,34
DA:464,0
DA:505,3
DA:511,2
DA:517,2
DA:532,1518
DA:562,264
DA:634,3
LF:129
LH:77
BRDA:152,0,0,1
BRDA:152,0,1,20
BRDA:167,1,0,7
BRDA:167,1,1,21
BRDA:182,2,0,0
BRDA:182,2,1,19
BRDA:184,3,0,0
BRDA:184,3,1,19
BRDA:188,4,0,0
BRDA:188,4,1,19
BRDA:190,5,0,0
BRDA:190,5,1,0
BRDA:190,5,2,0
BRDA:196,6,0,0
BRDA:196,6,1,19
BRDA:200,7,0,0
BRDA:200,7,1,19
BRDA:200,7,2,0
BRDA:200,7,3,0
BRDA:261,8,0,0
BRDA:261,8,1,0
BRDA:271,9,0,0
BRDA:271,9,1,0
BRDA:272,10,0,0
BRDA:272,10,1,0
BRDA:295,11,0,0
BRDA:295,11,1,0
BRDA:339,12,0,0
BRDA:339,12,1,0
BRDA:352,13,0,0
BRDA:352,13,1,2
BRDA:364,14,0,0
BRDA:364,14,1,0
BRDA:366,15,0,0
BRDA:366,15,1,0
BRDA:370,16,0,0
BRDA:370,16,1,0
BRDA:389,17,0,3
BRDA:389,17,1,2
BRDA:394,18,0,3
BRDA:394,18,1,2
BRDA:395,19,0,3
BRDA:395,19,1,2
BRDA:403,20,0,66
BRDA:403,20,1,7
BRDA:405,21,0,7
BRDA:405,21,1,0
BRDA:406,22,0,0
BRDA:406,22,1,0
BRDA:409,23,0,7
BRDA:409,23,1,0
BRDA:410,24,0,0
BRDA:410,24,1,0
BRDA:518,25,0,65
BRDA:518,25,1,1
BRDA:520,26,0,65
BRDA:520,26,1,1
BRDA:556,27,0,64
BRDA:556,27,1,2
BRDA:556,28,0,2
BRDA:556,28,1,0
BRDA:607,29,0,64
BRDA:607,29,1,2
BRDA:607,30,0,2
BRDA:607,30,1,0
BRDA:609,31,0,64
BRDA:609,31,1,2
BRDA:610,32,0,2
BRDA:610,32,1,0
BRF:69
BRH:33
end_of_record
TN:
SF:src/main.tsx
FNF:0
FNH:0
DA:1,0
DA:2,0
DA:3,0
DA:4,0
DA:6,0
LF:5
LH:0
BRF:0
BRH:0
end_of_record
TN:
SF:src/mockApi.ts
FN:33,(anonymous_0)
FN:34,(anonymous_1)
FN:65,(anonymous_2)
FN:69,(anonymous_3)
FN:156,(anonymous_4)
FN:157,(anonymous_5)
FN:159,(anonymous_6)
FN:177,(anonymous_7)
FN:178,(anonymous_8)
FN:184,(anonymous_9)
FN:201,(anonymous_10)
FN:202,(anonymous_11)
FN:205,(anonymous_12)
FN:207,(anonymous_13)
FN:225,(anonymous_14)
FN:226,(anonymous_15)
FNF:16
FNH:0
FNDA:0,(anonymous_0)
FNDA:0,(anonymous_1)
FNDA:0,(anonymous_2)
FNDA:0,(anonymous_3)
FNDA:0,(anonymous_4)
FNDA:0,(anonymous_5)
FNDA:0,(anonymous_6)
FNDA:0,(anonymous_7)
FNDA:0,(anonymous_8)
FNDA:0,(anonymous_9)
FNDA:0,(anonymous_10)
FNDA:0,(anonymous_11)
FNDA:0,(anonymous_12)
FNDA:0,(anonymous_13)
FNDA:0,(anonymous_14)
FNDA:0,(anonymous_15)
DA:33,0
DA:34,0
DA:36,0
DA:38,0
DA:39,0
DA:47,0
DA:65,0
DA:69,0
DA:71,0
DA:73,0
DA:74,0
DA:82,0
DA:93,0
DA:95,0
DA:105,0
DA:108,0
DA:119,0
DA:122,0
DA:130,0
DA:133,0
DA:147,0
DA:156,0
DA:157,0
DA:159,0
DA:168,0
DA:177,0
DA:178,0
DA:180,0
DA:184,0
DA:192,0
DA:201,0
DA:202,0
DA:204,0
DA:205,0
DA:207,0
DA:216,0
DA:225,0
DA:226,0
DA:228,0
DA:230,0
DA:231,0
DA:239,0
LF:42
LH:0
BRDA:38,0,0,0
BRDA:38,0,1,0
BRDA:73,1,0,0
BRDA:73,1,1,0
BRDA:93,2,0,0
BRDA:93,2,1,0
BRDA:93,2,2,0
BRDA:93,2,3,0
BRDA:96,3,0,0
BRDA:96,3,1,0
BRDA:98,4,0,0
BRDA:98,4,1,0
BRDA:109,5,0,0
BRDA:109,5,1,0
BRDA:110,6,0,0
BRDA:110,6,1,0
BRDA:123,7,0,0
BRDA:123,7,1,0
BRDA:125,8,0,0
BRDA:125,8,1,0
BRDA:162,9,0,0
BRDA:162,9,1,0
BRDA:162,10,0,0
BRDA:162,10,1,0
BRDA:201,11,0,0
BRDA:230,12,0,0
BRDA:230,12,1,0
BRDA:243,13,0,0
BRDA:243,13,1,0
BRDA:243,14,0,0
BRDA:243,14,1,0
BRF:31
BRH:0
end_of_record
TN:
SF:src/utils/serviceHelpers.ts
FN:26,(anonymous_0)
FN:35,(anonymous_1)
FN:39,(anonymous_2)
FN:42,(anonymous_3)
FN:48,(anonymous_4)
FN:55,(anonymous_5)
FN:64,(anonymous_6)
FN:66,(anonymous_7)
FN:70,(anonymous_8)
FN:77,(anonymous_9)
FN:81,(anonymous_10)
FN:88,(anonymous_11)
FN:90,(anonymous_12)
FN:93,(anonymous_13)
FN:95,(anonymous_14)
FN:98,(anonymous_15)
FN:103,(anonymous_16)
FN:106,(anonymous_17)
FN:109,(anonymous_18)
FN:120,(anonymous_19)
FN:124,(anonymous_20)
FN:143,(anonymous_21)
FN:148,(anonymous_22)
FN:172,(anonymous_23)
FN:174,(anonymous_24)
FN:175,(anonymous_25)
FN:177,(anonymous_26)
FNF:27
FNH:0
FNDA:0,(anonymous_0)
FNDA:0,(anonymous_1)
FNDA:0,(anonymous_2)
FNDA:0,(anonymous_3)
FNDA:0,(anonymous_4)
FNDA:0,(anonymous_5)
FNDA:0,(anonymous_6)
FNDA:0,(anonymous_7)
FNDA:0,(anonymous_8)
FNDA:0,(anonymous_9)
FNDA:0,(anonymous_10)
FNDA:0,(anonymous_11)
FNDA:0,(anonymous_12)
FNDA:0,(anonymous_13)
FNDA:0,(anonymous_14)
FNDA:0,(anonymous_15)
FNDA:0,(anonymous_16)
FNDA:0,(anonymous_17)
FNDA:0,(anonymous_18)
FNDA:0,(anonymous_19)
FNDA:0,(anonymous_20)
FNDA:0,(anonymous_21)
FNDA:0,(anonymous_22)
FNDA:0,(anonymous_23)
FNDA:0,(anonymous_24)
FNDA:0,(anonymous_25)
FNDA:0,(anonymous_26)
DA:17,0
DA:25,0
DA:27,0
DA:28,0
DA:29,0
DA:31,0
DA:36,0
DA:40,0
DA:41,0
DA:42,0
DA:44,0
DA:45,0
DA:49,0
DA:54,0
DA:56,0
DA:57,0
DA:58,0
DA:60,0
DA:65,0
DA:66,0
DA:67,0
DA:71,0
DA:76,0
DA:78,0
DA:80,0
DA:81,0
DA:82,0
DA:89,0
DA:90,0
DA:94,0
DA:95,0
DA:99,0
DA:101,0
DA:103,0
DA:106,0
DA:109,0
DA:110,0
DA:114,0
DA:120,0
DA:121,0
DA:122,0
DA:124,0
DA:125,0
DA:126,0
DA:128,0
DA:143,0
DA:144,0
DA:148,0
DA:149,0
DA:150,0
DA:151,0
DA:152,0
DA:153,0
DA:154,0
DA:156,0
DA:157,0
DA:158,0
DA:159,0
DA:160,0
DA:161,0
DA:163,0
DA:172,0
DA:173,0
DA:174,0
DA:175,0
DA:176,0
DA:177,0
DA:179,0
LF:68
LH:0
BRDA:29,0,0,0
BRDA:29,0,1,0
BRDA:41,1,0,0
BRDA:41,1,1,0
BRDA:58,2,0,0
BRDA:58,2,1,0
BRDA:78,3,0,0
BRDA:78,3,1,0
BRDA:82,4,0,0
BRDA:82,4,1,0
BRDA:82,4,2,0
BRDA:89,5,0,0
BRDA:89,5,1,0
BRDA:94,6,0,0
BRDA:94,6,1,0
BRDA:101,7,0,0
BRDA:101,7,1,0
BRDA:101,7,2,0
BRDA:101,7,3,0
BRDA:120,8,0,0
BRDA:132,9,0,0
BRDA:132,9,1,0
BRDA:156,10,0,0
BRDA:156,10,1,0
BRDA:158,11,0,0
BRDA:158,11,1,0
BRDA:160,12,0,0
BRDA:160,12,1,0
BRDA:184,13,0,0
BRDA:184,13,1,0
BRF:30
BRH:0
end_of_record
TN:
SF:src/utils/testableLogic.ts
FN:7,(anonymous_0)
FN:18,(anonymous_1)
FN:54,(anonymous_2)
FN:68,(anonymous_3)
FN:82,(anonymous_4)
FN:103,(anonymous_5)
FN:129,(anonymous_6)
FN:137,(anonymous_7)
FN:182,(anonymous_8)
FN:199,(anonymous_9)
FN:200,(anonymous_10)
FN:200,(anonymous_11)
FN:203,(anonymous_12)
FNF:13
FNH:8
FNDA:1,(anonymous_0)
FNDA:0,(anonymous_1)
FNDA:2,(anonymous_2)
FNDA:1,(anonymous_3)
FNDA:2,(anonymous_4)
FNDA:1,(anonymous_5)
FNDA:1,(anonymous_6)
FNDA:1,(anonymous_7)
FNDA:19,(anonymous_8)
FNDA:0,(anonymous_9)
FNDA:0,(anonymous_10)
FNDA:0,(anonymous_11)
FNDA:0,(anonymous_12)
DA:6,4
DA:9,1
DA:10,1
DA:11,1
DA:13,1
DA:14,1
DA:18,4
DA:19,0
DA:21,0
DA:22,0
DA:26,0
DA:27,0
DA:35,0
DA:36,0
DA:45,0
DA:54,4
DA:55,2
DA:65,2
DA:68,4
DA:69,1
DA:79,1
DA:82,4
DA:83,2
DA:85,1
DA:86,1
DA:87,1
DA:88,0
DA:91,1
DA:98,0
DA:99,0
DA:103,4
DA:104,1
DA:105,1
DA:106,0
DA:117,4
DA:129,4
DA:133,1
DA:136,1
DA:137,1
DA:140,1
DA:142,1
DA:144,0
DA:145,0
DA:147,0
DA:148,0
DA:149,0
DA:150,0
DA:159,0
DA:167,1
DA:182,4
DA:189,19
DA:190,19
DA:199,0
DA:200,0
DA:202,0
DA:203,0
LF:56
LH:33
BRDA:21,0,0,0
BRDA:21,0,1,0
BRDA:26,1,0,0
BRDA:26,1,1,0
BRDA:26,2,0,0
BRDA:26,2,1,0
BRDA:35,3,0,0
BRDA:35,3,1,0
BRDA:35,4,0,0
BRDA:35,4,1,0
BRDA:46,5,0,0
BRDA:46,5,1,0
BRDA:65,6,0,2
BRDA:65,6,1,1
BRDA:79,7,0,1
BRDA:79,7,1,0
BRDA:83,8,0,1
BRDA:83,8,1,1
BRDA:87,9,0,0
BRDA:87,9,1,1
BRDA:104,10,0,0
BRDA:104,10,1,1
BRDA:105,11,0,1
BRDA:105,11,1,0
BRDA:131,12,0,1
BRDA:142,13,0,0
BRDA:142,13,1,1
BRDA:149,14,0,0
BRDA:149,14,1,0
BRDA:189,15,0,19
BRDA:189,15,1,0
BRF:31
BRH:11
end_of_record
